\BOOKMARK [1][-]{Doc-Start}{\376\377\000A\000b\000s\000t\000r\000a\000c\000t}{}% 1
\BOOKMARK [1][-]{section.1}{\376\377\000I\000n\000t\000r\000o\000d\000u\000c\000t\000i\000o\000n}{}% 2
\BOOKMARK [2][-]{subsection.1.1}{\376\377\000M\000o\000t\000i\000v\000a\000t\000i\000o\000n\000\040\000f\000o\000r\000\040\000R\000e\000s\000e\000a\000r\000c\000h}{section.1}% 3
\BOOKMARK [2][-]{subsection.1.2}{\376\377\000O\000b\000j\000e\000c\000t\000i\000v\000e\000s}{section.1}% 4
\BOOKMARK [2][-]{subsection.1.3}{\376\377\000S\000c\000o\000p\000e\000\040\000o\000f\000\040\000W\000o\000r\000k}{section.1}% 5
\BOOKMARK [2][-]{subsection.1.4}{\376\377\000O\000r\000g\000a\000n\000i\000s\000a\000t\000i\000o\000n\000\040\000o\000f\000\040\000R\000e\000p\000o\000r\000t}{section.1}% 6
\BOOKMARK [1][-]{section.2}{\376\377\000M\000e\000t\000h\000o\000d\000s}{}% 7
\BOOKMARK [2][-]{subsection.2.1}{\376\377\000D\000a\000t\000a\000s\000e\000t\000s}{section.2}% 8
\BOOKMARK [2][-]{subsection.2.2}{\376\377\000M\000o\000d\000e\000l\000s}{section.2}% 9
\BOOKMARK [3][-]{subsubsection.2.2.1}{\376\377\000G\000r\000a\000p\000h\000\040\000C\000o\000n\000v\000o\000l\000u\000t\000i\000o\000n\000a\000l\000\040\000N\000e\000t\000w\000o\000r\000k\000\040\000\050\000G\000C\000N\000\051}{subsection.2.2}% 10
\BOOKMARK [3][-]{subsubsection.2.2.2}{\376\377\000G\000r\000a\000p\000h\000\040\000A\000t\000t\000e\000n\000t\000i\000o\000n\000\040\000N\000e\000t\000w\000o\000r\000k\000\040\000\050\000G\000A\000T\000\051}{subsection.2.2}% 11
\BOOKMARK [2][-]{subsection.2.3}{\376\377\000T\000r\000a\000i\000n\000i\000n\000g\000,\000\040\000I\000n\000f\000e\000r\000e\000n\000c\000e\000,\000\040\000a\000n\000d\000\040\000E\000v\000a\000l\000u\000a\000t\000i\000o\000n}{section.2}% 12
\BOOKMARK [1][-]{section.3}{\376\377\000R\000e\000s\000u\000l\000t\000s}{}% 13
\BOOKMARK [2][-]{subsection.3.1}{\376\377\000B\000r\000e\000a\000s\000t\000\040\000c\000a\000n\000c\000e\000r\000\040\000d\000a\000t\000a\000s\000e\000t}{section.3}% 14
\BOOKMARK [3][-]{subsubsection.3.1.1}{\376\377\000G\000A\000T\000\040\000m\000o\000d\000e\000l}{subsection.3.1}% 15
\BOOKMARK [3][-]{subsubsection.3.1.2}{\376\377\000G\000C\000N\000\040\000m\000o\000d\000e\000l}{subsection.3.1}% 16
\BOOKMARK [2][-]{subsection.3.2}{\376\377\000N\000A\000S\000A\000\040\000t\000u\000r\000b\000o\000f\000a\000n\000\040\000j\000e\000t\000\040\000e\000n\000g\000i\000n\000e\000\040\000d\000a\000t\000a\000s\000e\000t}{section.3}% 17
\BOOKMARK [3][-]{subsubsection.3.2.1}{\376\377\000M\000S\000E\000\040\000e\000r\000r\000o\000r}{subsection.3.2}% 18
\BOOKMARK [3][-]{subsubsection.3.2.2}{\376\377\000G\000C\000N\000\040\000m\000o\000d\000e\000l\000\040\000p\000l\000o\000t\000s}{subsection.3.2}% 19
\BOOKMARK [3][-]{subsubsection.3.2.3}{\376\377\000G\000A\000T\000\040\000m\000o\000d\000e\000l\000\040\000p\000l\000o\000t\000s}{subsection.3.2}% 20
\BOOKMARK [1][-]{section.4}{\376\377\000A\000n\000a\000l\000y\000s\000i\000s}{}% 21
\BOOKMARK [2][-]{subsection.4.1}{\376\377\000N\000A\000S\000A\000\040\000t\000u\000r\000b\000o\000f\000a\000n\000\040\000j\000e\000t\000\040\000e\000n\000g\000i\000n\000e\000\040\000d\000a\000t\000a\000s\000e\000t\000:\000\040\000G\000C\000N\000\040\000v\000s\000\040\000G\000A\000T}{section.4}% 22
\BOOKMARK [2][-]{subsection.4.2}{\376\377\000C\000o\000m\000p\000a\000r\000i\000s\000o\000n\000\040\000o\000f\000\040\000G\000C\000N\000\040\000v\000s\000\040\000G\000A\000T\000\040\000a\000c\000r\000o\000s\000s\000\040\000b\000o\000t\000h\000\040\000d\000a\000t\000a\000s\000e\000t\000s}{section.4}% 23
\BOOKMARK [1][-]{section.5}{\376\377\000C\000o\000n\000c\000l\000u\000s\000i\000o\000n}{}% 24
\BOOKMARK [2][-]{subsection.5.1}{\376\377\000H\000e\000a\000d\000i\000n\000g}{section.5}% 25
\BOOKMARK [1][-]{subsection.5.1}{\376\377\000L\000i\000s\000t\000\040\000o\000f\000\040\000R\000e\000f\000e\000r\000e\000n\000c\000e\000s}{}% 26
