[2025-09-24 15:04:23] Start Cancer-GAN.
[2025-09-24 15:04:23] Data shape: (569, 31)  Columns: ['diagnosis', 'radius_mean', 'texture_mean', 'perimeter_mean', 'area_mean', 'smoothness_mean', 'compactness_mean', 'concavity_mean', 'concave points_mean', 'symmetry_mean', 'fractal_dimension_mean', 'radius_se', 'texture_se', 'perimeter_se', 'area_se', 'smoothness_se', 'compactness_se', 'concavity_se', 'concave points_se', 'symmetry_se', 'fractal_dimension_se', 'radius_worst', 'texture_worst', 'perimeter_worst', 'area_worst', 'smoothness_worst', 'compactness_worst', 'concavity_worst', 'concave points_worst', 'symmetry_worst', 'fractal_dimension_worst']
[2025-09-24 15:04:23] Label counts: {'B': 357, 'M': 212}
[2025-09-24 15:04:23] Train: (455, 30)  Test: (114, 30)
[2025-09-24 15:04:23] Train GAN (malignant only).
[2025-09-24 15:04:25] Epoch 1/500  D: 1.4323  G: 0.6855
[2025-09-24 15:04:26] Epoch 50/500  D: 1.2221  G: 0.7942
[2025-09-24 15:04:26] Epoch 100/500  D: 0.6747  G: 2.0090
[2025-09-24 15:04:27] Epoch 150/500  D: 0.3636  G: 2.7426
[2025-09-24 15:04:28] Epoch 200/500  D: 0.7013  G: 1.8179
[2025-09-24 15:04:28] Epoch 250/500  D: 0.4452  G: 3.3154
[2025-09-24 15:04:29] Epoch 300/500  D: 0.2661  G: 2.5077
[2025-09-24 15:04:30] Epoch 350/500  D: 0.6274  G: 2.0376
[2025-09-24 15:04:30] Epoch 400/500  D: 1.0268  G: 2.0489
[2025-09-24 15:04:31] Epoch 450/500  D: 0.5005  G: 2.4768
[2025-09-24 15:04:32] Epoch 500/500  D: 0.6163  G: 1.9928
[2025-09-24 15:04:32] GAN done.
[2025-09-24 15:04:32] Train benign: 285  malignant: 170  new malignant to add: 115
[2025-09-24 15:04:32] Saved synthetic rows: c:\Users\nlunb\OneDrive - University of Florida\Fall 2025\SC4020 - Data Analytics & Mining\Project 1\sc4020-gnn-breastcancer-nasa\outputs\breast-cancer-gan-augmented.csv  shape=(115, 31)
[2025-09-24 15:04:32] Score Logistic Regression on both setups.
[2025-09-24 15:04:32] Saved metrics: c:\Users\nlunb\OneDrive - University of Florida\Fall 2025\SC4020 - Data Analytics & Mining\Project 1\sc4020-gnn-breastcancer-nasa\outputs\cancer_gan_metrics.csv
                      setup  accuracy  precision    recall        f1   roc_auc
0         Baseline (no aug)  0.973684    0.97561  0.952381  0.963855  0.995370
1  GAN aug (malignant only)  0.973684    0.97561  0.952381  0.963855  0.996362
[2025-09-24 15:04:32] Done. Script finished ok.
